# JRE version: Java(TM) SE Runtime Environment (8.0-b132) (build 1.8.0-b132)
# Java VM: Java HotSpot(TM) 64-Bit Server VM (25.0-b70 mixed mode windows-amd64 compressed oops)
Heap:
 PSYoungGen      total 8704K, used 5056K [0x00000000e1100000, 0x00000000e1b00000, 0x0000000100000000)
  eden space 7168K, 53% used [0x00000000e1100000,0x00000000e14b8ee8,0x00000000e1800000)
  from space 1536K, 81% used [0x00000000e1980000,0x00000000e1ab7318,0x00000000e1b00000)
  to   space 1536K, 0% used [0x00000000e1800000,0x00000000e1800000,0x00000000e1980000)
 ParOldGen       total 94720K, used 1330K [0x00000000a3200000, 0x00000000a8e80000, 0x00000000e1100000)
  object space 94720K, 1% used [0x00000000a3200000,0x00000000a334ca10,0x00000000a8e80000)
 Metaspace       used 8038K, capacity 8379K, committed 8576K, reserved 1056768K
  class space    used 802K, capacity 848K, committed 896K, reserved 1048576K
GC Heap History (10 events):
Event: 0.328 GC heap before
{Heap before GC invocations=4 (full 0):
 PSYoungGen      total 1536K, used 1520K [0x00000000e1100000, 0x00000000e1400000, 0x0000000100000000)
  eden space 1024K, 100% used [0x00000000e1100000,0x00000000e1200000,0x00000000e1200000)
  from space 512K, 96% used [0x00000000e1200000,0x00000000e127c010,0x00000000e1280000)
  to   space 512K, 0% used [0x00000000e1380000,0x00000000e1380000,0x00000000e1400000)
 ParOldGen       total 94720K, used 304K [0x00000000a3200000, 0x00000000a8e80000, 0x00000000e1100000)
  object space 94720K, 0% used [0x00000000a3200000,0x00000000a324c2e0,0x00000000a8e80000)
 Metaspace       used 3800K, capacity 4832K, committed 5120K, reserved 1056768K
  class space    used 427K, capacity 464K, committed 512K, reserved 1048576K
Event: 0.334 GC heap after
Heap after GC invocations=4 (full 0):
 PSYoungGen      total 2560K, used 496K [0x00000000e1100000, 0x00000000e1400000, 0x0000000100000000)
  eden space 2048K, 0% used [0x00000000e1100000,0x00000000e1100000,0x00000000e1300000)
  from space 512K, 96% used [0x00000000e1380000,0x00000000e13fc010,0x00000000e1400000)
  to   space 512K, 0% used [0x00000000e1300000,0x00000000e1300000,0x00000000e1380000)
 ParOldGen       total 94720K, used 536K [0x00000000a3200000, 0x00000000a8e80000, 0x00000000e1100000)
  object space 94720K, 0% used [0x00000000a3200000,0x00000000a32862f0,0x00000000a8e80000)
 Metaspace       used 3800K, capacity 4832K, committed 5120K, reserved 1056768K
  class space    used 427K, capacity 464K, committed 512K, reserved 1048576K
}
Event: 0.447 GC heap before
{Heap before GC invocations=5 (full 0):
 PSYoungGen      total 2560K, used 2544K [0x00000000e1100000, 0x00000000e1400000, 0x0000000100000000)
  eden space 2048K, 100% used [0x00000000e1100000,0x00000000e1300000,0x00000000e1300000)
  from space 512K, 96% used [0x00000000e1380000,0x00000000e13fc010,0x00000000e1400000)
  to   space 512K, 0% used [0x00000000e1300000,0x00000000e1300000,0x00000000e1380000)
 ParOldGen       total 94720K, used 536K [0x00000000a3200000, 0x00000000a8e80000, 0x00000000e1100000)
  object space 94720K, 0% used [0x00000000a3200000,0x00000000a32862f0,0x00000000a8e80000)
 Metaspace       used 4360K, capacity 5216K, committed 5504K, reserved 1056768K
  class space    used 481K, capacity 528K, committed 640K, reserved 1048576K
Event: 0.448 GC heap after
Heap after GC invocations=5 (full 0):
 PSYoungGen      total 2560K, used 496K [0x00000000e1100000, 0x00000000e1700000, 0x0000000100000000)
  eden space 2048K, 0% used [0x00000000e1100000,0x00000000e1100000,0x00000000e1300000)
  from space 512K, 96% used [0x00000000e1300000,0x00000000e137c010,0x00000000e1380000)
  to   space 1024K, 0% used [0x00000000e1600000,0x00000000e1600000,0x00000000e1700000)
 ParOldGen       total 94720K, used 900K [0x00000000a3200000, 0x00000000a8e80000, 0x00000000e1100000)
  object space 94720K, 0% used [0x00000000a3200000,0x00000000a32e12f8,0x00000000a8e80000)
 Metaspace       used 4360K, capacity 5216K, committed 5504K, reserved 1056768K
  class space    used 481K, capacity 528K, committed 640K, reserved 1048576K
}
Event: 0.688 GC heap before
{Heap before GC invocations=6 (full 0):
 PSYoungGen      total 2560K, used 2544K [0x00000000e1100000, 0x00000000e1700000, 0x0000000100000000)
  eden space 2048K, 100% used [0x00000000e1100000,0x00000000e1300000,0x00000000e1300000)
  from space 512K, 96% used [0x00000000e1300000,0x00000000e137c010,0x00000000e1380000)
  to   space 1024K, 0% used [0x00000000e1600000,0x00000000e1600000,0x00000000e1700000)
 ParOldGen       total 94720K, used 900K [0x00000000a3200000, 0x00000000a8e80000, 0x00000000e1100000)
  object space 94720K, 0% used [0x00000000a3200000,0x00000000a32e12f8,0x00000000a8e80000)
 Metaspace       used 5315K, capacity 5883K, committed 6016K, reserved 1056768K
  class space    used 555K, capacity 592K, committed 640K, reserved 1048576K
Event: 0.691 GC heap after
Heap after GC invocations=6 (full 0):
 PSYoungGen      total 4608K, used 940K [0x00000000e1100000, 0x00000000e1800000, 0x0000000100000000)
  eden space 3584K, 0% used [0x00000000e1100000,0x00000000e1100000,0x00000000e1480000)
  from space 1024K, 91% used [0x00000000e1600000,0x00000000e16eb1c8,0x00000000e1700000)
  to   space 1536K, 0% used [0x00000000e1480000,0x00000000e1480000,0x00000000e1600000)
 ParOldGen       total 94720K, used 908K [0x00000000a3200000, 0x00000000a8e80000, 0x00000000e1100000)
  object space 94720K, 0% used [0x00000000a3200000,0x00000000a32e32f8,0x00000000a8e80000)
 Metaspace       used 5315K, capacity 5883K, committed 6016K, reserved 1056768K
  class space    used 555K, capacity 592K, committed 640K, reserved 1048576K
}
Event: 0.869 GC heap before
{Heap before GC invocations=7 (full 0):
 PSYoungGen      total 4608K, used 4491K [0x00000000e1100000, 0x00000000e1800000, 0x0000000100000000)
  eden space 3584K, 99% used [0x00000000e1100000,0x00000000e1477cb0,0x00000000e1480000)
  from space 1024K, 91% used [0x00000000e1600000,0x00000000e16eb1c8,0x00000000e1700000)
  to   space 1536K, 0% used [0x00000000e1480000,0x00000000e1480000,0x00000000e1600000)
 ParOldGen       total 94720K, used 908K [0x00000000a3200000, 0x00000000a8e80000, 0x00000000e1100000)
  object space 94720K, 0% used [0x00000000a3200000,0x00000000a32e32f8,0x00000000a8e80000)
 Metaspace       used 6304K, capacity 6779K, committed 6912K, reserved 1056768K
  class space    used 626K, capacity 656K, committed 768K, reserved 1048576K
Event: 0.872 GC heap after
Heap after GC invocations=7 (full 0):
 PSYoungGen      total 5120K, used 1382K [0x00000000e1100000, 0x00000000e1b00000, 0x0000000100000000)
  eden space 3584K, 0% used [0x00000000e1100000,0x00000000e1100000,0x00000000e1480000)
  from space 1536K, 90% used [0x00000000e1480000,0x00000000e15d9a50,0x00000000e1600000)
  to   space 1536K, 0% used [0x00000000e1980000,0x00000000e1980000,0x00000000e1b00000)
 ParOldGen       total 94720K, used 1194K [0x00000000a3200000, 0x00000000a8e80000, 0x00000000e1100000)
  object space 94720K, 1% used [0x00000000a3200000,0x00000000a332aa00,0x00000000a8e80000)
 Metaspace       used 6304K, capacity 6779K, committed 6912K, reserved 1056768K
  class space    used 626K, capacity 656K, committed 768K, reserved 1048576K
}
Event: 1.124 GC heap before
{Heap before GC invocations=8 (full 0):
 PSYoungGen      total 5120K, used 4953K [0x00000000e1100000, 0x00000000e1b00000, 0x0000000100000000)
  eden space 3584K, 99% used [0x00000000e1100000,0x00000000e147cbd0,0x00000000e1480000)
  from space 1536K, 90% used [0x00000000e1480000,0x00000000e15d9a50,0x00000000e1600000)
  to   space 1536K, 0% used [0x00000000e1980000,0x00000000e1980000,0x00000000e1b00000)
 ParOldGen       total 94720K, used 1194K [0x00000000a3200000, 0x00000000a8e80000, 0x00000000e1100000)
  object space 94720K, 1% used [0x00000000a3200000,0x00000000a332aa00,0x00000000a8e80000)
 Metaspace       used 7200K, capacity 7579K, committed 7680K, reserved 1056768K
  class space    used 719K, capacity 752K, committed 768K, reserved 1048576K
Event: 1.149 GC heap after
Heap after GC invocations=8 (full 0):
 PSYoungGen      total 8704K, used 1244K [0x00000000e1100000, 0x00000000e1b00000, 0x0000000100000000)
  eden space 7168K, 0% used [0x00000000e1100000,0x00000000e1100000,0x00000000e1800000)
  from space 1536K, 81% used [0x00000000e1980000,0x00000000e1ab7318,0x00000000e1b00000)
  to   space 1536K, 0% used [0x00000000e1800000,0x00000000e1800000,0x00000000e1980000)
 ParOldGen       total 94720K, used 1330K [0x00000000a3200000, 0x00000000a8e80000, 0x00000000e1100000)
  object space 94720K, 1% used [0x00000000a3200000,0x00000000a334ca10,0x00000000a8e80000)
 Metaspace       used 7200K, capacity 7579K, committed 7680K, reserved 1056768K
  class space    used 719K, capacity 752K, committed 768K, reserved 1048576K
}

