# JRE version: Java(TM) SE Runtime Environment (8.0-b132) (build 1.8.0-b132)
# Java VM: Java HotSpot(TM) 64-Bit Server VM (25.0-b70 mixed mode windows-amd64 compressed oops)
Heap:
 PSYoungGen      total 8704K, used 5030K [0x00000000e1100000, 0x00000000e1b00000, 0x0000000100000000)
  eden space 7168K, 51% used [0x00000000e1100000,0x00000000e149b3f8,0x00000000e1800000)
  from space 1536K, 87% used [0x00000000e1980000,0x00000000e1ace560,0x00000000e1b00000)
  to   space 1536K, 0% used [0x00000000e1800000,0x00000000e1800000,0x00000000e1980000)
 ParOldGen       total 94720K, used 1295K [0x00000000a3200000, 0x00000000a8e80000, 0x00000000e1100000)
  object space 94720K, 1% used [0x00000000a3200000,0x00000000a3343c78,0x00000000a8e80000)
 Metaspace       used 7980K, capacity 8315K, committed 8576K, reserved 1056768K
  class space    used 800K, capacity 848K, committed 896K, reserved 1048576K
GC Heap History (10 events):
Event: 0.310 GC heap before
{Heap before GC invocations=4 (full 0):
 PSYoungGen      total 1536K, used 1504K [0x00000000e1100000, 0x00000000e1400000, 0x0000000100000000)
  eden space 1024K, 100% used [0x00000000e1100000,0x00000000e1200000,0x00000000e1200000)
  from space 512K, 93% used [0x00000000e1200000,0x00000000e1278020,0x00000000e1280000)
  to   space 512K, 0% used [0x00000000e1380000,0x00000000e1380000,0x00000000e1400000)
 ParOldGen       total 94720K, used 357K [0x00000000a3200000, 0x00000000a8e80000, 0x00000000e1100000)
  object space 94720K, 0% used [0x00000000a3200000,0x00000000a3259668,0x00000000a8e80000)
 Metaspace       used 3803K, capacity 4832K, committed 5120K, reserved 1056768K
  class space    used 427K, capacity 464K, committed 512K, reserved 1048576K
Event: 0.345 GC heap after
Heap after GC invocations=4 (full 0):
 PSYoungGen      total 2560K, used 480K [0x00000000e1100000, 0x00000000e1400000, 0x0000000100000000)
  eden space 2048K, 0% used [0x00000000e1100000,0x00000000e1100000,0x00000000e1300000)
  from space 512K, 93% used [0x00000000e1380000,0x00000000e13f8020,0x00000000e1400000)
  to   space 512K, 0% used [0x00000000e1300000,0x00000000e1300000,0x00000000e1380000)
 ParOldGen       total 94720K, used 493K [0x00000000a3200000, 0x00000000a8e80000, 0x00000000e1100000)
  object space 94720K, 0% used [0x00000000a3200000,0x00000000a327b678,0x00000000a8e80000)
 Metaspace       used 3803K, capacity 4832K, committed 5120K, reserved 1056768K
  class space    used 427K, capacity 464K, committed 512K, reserved 1048576K
}
Event: 0.463 GC heap before
{Heap before GC invocations=5 (full 0):
 PSYoungGen      total 2560K, used 2528K [0x00000000e1100000, 0x00000000e1400000, 0x0000000100000000)
  eden space 2048K, 100% used [0x00000000e1100000,0x00000000e1300000,0x00000000e1300000)
  from space 512K, 93% used [0x00000000e1380000,0x00000000e13f8020,0x00000000e1400000)
  to   space 512K, 0% used [0x00000000e1300000,0x00000000e1300000,0x00000000e1380000)
 ParOldGen       total 94720K, used 493K [0x00000000a3200000, 0x00000000a8e80000, 0x00000000e1100000)
  object space 94720K, 0% used [0x00000000a3200000,0x00000000a327b678,0x00000000a8e80000)
 Metaspace       used 4363K, capacity 5216K, committed 5504K, reserved 1056768K
  class space    used 481K, capacity 528K, committed 640K, reserved 1048576K
Event: 0.465 GC heap after
Heap after GC invocations=5 (full 0):
 PSYoungGen      total 2560K, used 496K [0x00000000e1100000, 0x00000000e1700000, 0x0000000100000000)
  eden space 2048K, 0% used [0x00000000e1100000,0x00000000e1100000,0x00000000e1300000)
  from space 512K, 96% used [0x00000000e1300000,0x00000000e137c010,0x00000000e1380000)
  to   space 1024K, 0% used [0x00000000e1600000,0x00000000e1600000,0x00000000e1700000)
 ParOldGen       total 94720K, used 893K [0x00000000a3200000, 0x00000000a8e80000, 0x00000000e1100000)
  object space 94720K, 0% used [0x00000000a3200000,0x00000000a32df580,0x00000000a8e80000)
 Metaspace       used 4363K, capacity 5216K, committed 5504K, reserved 1056768K
  class space    used 481K, capacity 528K, committed 640K, reserved 1048576K
}
Event: 0.711 GC heap before
{Heap before GC invocations=6 (full 0):
 PSYoungGen      total 2560K, used 2544K [0x00000000e1100000, 0x00000000e1700000, 0x0000000100000000)
  eden space 2048K, 100% used [0x00000000e1100000,0x00000000e1300000,0x00000000e1300000)
  from space 512K, 96% used [0x00000000e1300000,0x00000000e137c010,0x00000000e1380000)
  to   space 1024K, 0% used [0x00000000e1600000,0x00000000e1600000,0x00000000e1700000)
 ParOldGen       total 94720K, used 893K [0x00000000a3200000, 0x00000000a8e80000, 0x00000000e1100000)
  object space 94720K, 0% used [0x00000000a3200000,0x00000000a32df580,0x00000000a8e80000)
 Metaspace       used 5318K, capacity 5883K, committed 6016K, reserved 1056768K
  class space    used 555K, capacity 592K, committed 640K, reserved 1048576K
Event: 0.714 GC heap after
Heap after GC invocations=6 (full 0):
 PSYoungGen      total 4608K, used 956K [0x00000000e1100000, 0x00000000e1800000, 0x0000000100000000)
  eden space 3584K, 0% used [0x00000000e1100000,0x00000000e1100000,0x00000000e1480000)
  from space 1024K, 93% used [0x00000000e1600000,0x00000000e16ef1b8,0x00000000e1700000)
  to   space 1536K, 0% used [0x00000000e1480000,0x00000000e1480000,0x00000000e1600000)
 ParOldGen       total 94720K, used 901K [0x00000000a3200000, 0x00000000a8e80000, 0x00000000e1100000)
  object space 94720K, 0% used [0x00000000a3200000,0x00000000a32e1580,0x00000000a8e80000)
 Metaspace       used 5318K, capacity 5883K, committed 6016K, reserved 1056768K
  class space    used 555K, capacity 592K, committed 640K, reserved 1048576K
}
Event: 0.870 GC heap before
{Heap before GC invocations=7 (full 0):
 PSYoungGen      total 4608K, used 4511K [0x00000000e1100000, 0x00000000e1800000, 0x0000000100000000)
  eden space 3584K, 99% used [0x00000000e1100000,0x00000000e1478cd8,0x00000000e1480000)
  from space 1024K, 93% used [0x00000000e1600000,0x00000000e16ef1b8,0x00000000e1700000)
  to   space 1536K, 0% used [0x00000000e1480000,0x00000000e1480000,0x00000000e1600000)
 ParOldGen       total 94720K, used 901K [0x00000000a3200000, 0x00000000a8e80000, 0x00000000e1100000)
  object space 94720K, 0% used [0x00000000a3200000,0x00000000a32e1580,0x00000000a8e80000)
 Metaspace       used 6306K, capacity 6779K, committed 6912K, reserved 1056768K
  class space    used 626K, capacity 656K, committed 768K, reserved 1048576K
Event: 0.873 GC heap after
Heap after GC invocations=7 (full 0):
 PSYoungGen      total 5120K, used 1387K [0x00000000e1100000, 0x00000000e1b00000, 0x0000000100000000)
  eden space 3584K, 0% used [0x00000000e1100000,0x00000000e1100000,0x00000000e1480000)
  from space 1536K, 90% used [0x00000000e1480000,0x00000000e15daf18,0x00000000e1600000)
  to   space 1536K, 0% used [0x00000000e1980000,0x00000000e1980000,0x00000000e1b00000)
 ParOldGen       total 94720K, used 1159K [0x00000000a3200000, 0x00000000a8e80000, 0x00000000e1100000)
  object space 94720K, 1% used [0x00000000a3200000,0x00000000a3321c68,0x00000000a8e80000)
 Metaspace       used 6306K, capacity 6779K, committed 6912K, reserved 1056768K
  class space    used 626K, capacity 656K, committed 768K, reserved 1048576K
}
Event: 1.139 GC heap before
{Heap before GC invocations=8 (full 0):
 PSYoungGen      total 5120K, used 4966K [0x00000000e1100000, 0x00000000e1b00000, 0x0000000100000000)
  eden space 3584K, 99% used [0x00000000e1100000,0x00000000e147eb88,0x00000000e1480000)
  from space 1536K, 90% used [0x00000000e1480000,0x00000000e15daf18,0x00000000e1600000)
  to   space 1536K, 0% used [0x00000000e1980000,0x00000000e1980000,0x00000000e1b00000)
 ParOldGen       total 94720K, used 1159K [0x00000000a3200000, 0x00000000a8e80000, 0x00000000e1100000)
  object space 94720K, 1% used [0x00000000a3200000,0x00000000a3321c68,0x00000000a8e80000)
 Metaspace       used 7206K, capacity 7579K, committed 7680K, reserved 1056768K
  class space    used 719K, capacity 752K, committed 768K, reserved 1048576K
Event: 1.156 GC heap after
Heap after GC invocations=8 (full 0):
 PSYoungGen      total 8704K, used 1337K [0x00000000e1100000, 0x00000000e1b00000, 0x0000000100000000)
  eden space 7168K, 0% used [0x00000000e1100000,0x00000000e1100000,0x00000000e1800000)
  from space 1536K, 87% used [0x00000000e1980000,0x00000000e1ace560,0x00000000e1b00000)
  to   space 1536K, 0% used [0x00000000e1800000,0x00000000e1800000,0x00000000e1980000)
 ParOldGen       total 94720K, used 1295K [0x00000000a3200000, 0x00000000a8e80000, 0x00000000e1100000)
  object space 94720K, 1% used [0x00000000a3200000,0x00000000a3343c78,0x00000000a8e80000)
 Metaspace       used 7206K, capacity 7579K, committed 7680K, reserved 1056768K
  class space    used 719K, capacity 752K, committed 768K, reserved 1048576K
}

